<?xml version="1.0" encoding="UTF-8"?>
<coverage generated="1670012586221" clover="3.2.0">
  <project timestamp="1670012586222" name="All files">
    <metrics statements="52" coveredstatements="44" conditionals="50" coveredconditionals="38" methods="7" coveredmethods="7" elements="109" coveredelements="89" complexity="0" loc="52" ncloc="52" packages="1" files="1" classes="1"/>
    <file name="functions.js" path="C:\Users\Arthur\Desktop\Front End\Flint-Node\2.1\scripts\functions.js">
      <metrics statements="52" coveredstatements="44" conditionals="50" coveredconditionals="38" methods="7" coveredmethods="7"/>
      <line num="2" count="1" type="cond" truecount="3" falsecount="1"/>
      <line num="3" count="0" type="stmt"/>
      <line num="5" count="1" type="cond" truecount="2" falsecount="2"/>
      <line num="6" count="0" type="stmt"/>
      <line num="8" count="1" type="stmt"/>
      <line num="9" count="1" type="stmt"/>
      <line num="11" count="1" type="cond" truecount="2" falsecount="0"/>
      <line num="12" count="1" type="cond" truecount="1" falsecount="1"/>
      <line num="14" count="1" type="stmt"/>
      <line num="18" count="6" type="cond" truecount="1" falsecount="1"/>
      <line num="19" count="0" type="stmt"/>
      <line num="22" count="0" type="stmt"/>
      <line num="24" count="6" type="cond" truecount="3" falsecount="1"/>
      <line num="25" count="0" type="stmt"/>
      <line num="27" count="6" type="stmt"/>
      <line num="28" count="6" type="stmt"/>
      <line num="29" count="7" type="cond" truecount="2" falsecount="0"/>
      <line num="31" count="6" type="stmt"/>
      <line num="35" count="6" type="cond" truecount="2" falsecount="0"/>
      <line num="36" count="4" type="stmt"/>
      <line num="39" count="4" type="stmt"/>
      <line num="41" count="2" type="cond" truecount="3" falsecount="1"/>
      <line num="42" count="0" type="stmt"/>
      <line num="44" count="2" type="stmt"/>
      <line num="45" count="2" type="stmt"/>
      <line num="46" count="3" type="cond" truecount="2" falsecount="0"/>
      <line num="48" count="2" type="stmt"/>
      <line num="52" count="3" type="cond" truecount="2" falsecount="2"/>
      <line num="53" count="3" type="stmt"/>
      <line num="54" count="3" type="stmt"/>
      <line num="55" count="3" type="stmt"/>
      <line num="57" count="3" type="cond" truecount="2" falsecount="0"/>
      <line num="58" count="3" type="cond" truecount="2" falsecount="0"/>
      <line num="59" count="3" type="cond" truecount="1" falsecount="1"/>
      <line num="61" count="3" type="stmt"/>
      <line num="63" count="0" type="stmt"/>
      <line num="67" count="2" type="cond" truecount="2" falsecount="2"/>
      <line num="68" count="0" type="stmt"/>
      <line num="70" count="2" type="stmt"/>
      <line num="71" count="2" type="stmt"/>
      <line num="72" count="2" type="stmt"/>
      <line num="74" count="2" type="stmt"/>
      <line num="75" count="8" type="cond" truecount="2" falsecount="0"/>
      <line num="76" count="2" type="stmt"/>
      <line num="78" count="6" type="cond" truecount="4" falsecount="0"/>
      <line num="79" count="2" type="stmt"/>
      <line num="82" count="6" type="cond" truecount="2" falsecount="0"/>
      <line num="83" count="4" type="stmt"/>
      <line num="87" count="2" type="stmt"/>
      <line num="91" count="1" type="stmt"/>
      <line num="98" count="1" type="stmt"/>
      <line num="99" count="1" type="stmt"/>
    </file>
  </project>
</coverage>
