{"C:\\Users\\Arthur\\Desktop\\Front End\\Flint-Node\\2.1\\scripts\\functions.js": {"path":"C:\\Users\\Arthur\\Desktop\\Front End\\Flint-Node\\2.1\\scripts\\functions.js","statementMap":{"0":{"start":{"line":2,"column":2},"end":{"line":4,"column":3}},"1":{"start":{"line":3,"column":4},"end":{"line":3,"column":74}},"2":{"start":{"line":5,"column":2},"end":{"line":15,"column":3}},"3":{"start":{"line":6,"column":4},"end":{"line":6,"column":61}},"4":{"start":{"line":8,"column":21},"end":{"line":8,"column":22}},"5":{"start":{"line":9,"column":4},"end":{"line":9,"column":31}},"6":{"start":{"line":11,"column":4},"end":{"line":11,"column":45}},"7":{"start":{"line":12,"column":4},"end":{"line":12,"column":44}},"8":{"start":{"line":14,"column":4},"end":{"line":14,"column":45}},"9":{"start":{"line":18,"column":2},"end":{"line":23,"column":3}},"10":{"start":{"line":19,"column":4},"end":{"line":21,"column":6}},"11":{"start":{"line":22,"column":4},"end":{"line":22,"column":13}},"12":{"start":{"line":24,"column":2},"end":{"line":32,"column":3}},"13":{"start":{"line":25,"column":4},"end":{"line":25,"column":66}},"14":{"start":{"line":27,"column":23},"end":{"line":27,"column":24}},"15":{"start":{"line":28,"column":4},"end":{"line":30,"column":7}},"16":{"start":{"line":29,"column":6},"end":{"line":29,"column":44}},"17":{"start":{"line":31,"column":4},"end":{"line":31,"column":24}},"18":{"start":{"line":35,"column":2},"end":{"line":40,"column":3}},"19":{"start":{"line":36,"column":4},"end":{"line":38,"column":6}},"20":{"start":{"line":39,"column":4},"end":{"line":39,"column":13}},"21":{"start":{"line":41,"column":2},"end":{"line":49,"column":3}},"22":{"start":{"line":42,"column":4},"end":{"line":42,"column":66}},"23":{"start":{"line":44,"column":26},"end":{"line":44,"column":27}},"24":{"start":{"line":45,"column":4},"end":{"line":47,"column":7}},"25":{"start":{"line":46,"column":6},"end":{"line":46,"column":50}},"26":{"start":{"line":48,"column":4},"end":{"line":48,"column":27}},"27":{"start":{"line":52,"column":2},"end":{"line":64,"column":3}},"28":{"start":{"line":53,"column":16},"end":{"line":53,"column":17}},"29":{"start":{"line":54,"column":15},"end":{"line":54,"column":44}},"30":{"start":{"line":55,"column":17},"end":{"line":55,"column":48}},"31":{"start":{"line":57,"column":4},"end":{"line":57,"column":35}},"32":{"start":{"line":58,"column":4},"end":{"line":58,"column":33}},"33":{"start":{"line":59,"column":4},"end":{"line":59,"column":38}},"34":{"start":{"line":61,"column":4},"end":{"line":61,"column":51}},"35":{"start":{"line":63,"column":4},"end":{"line":63,"column":76}},"36":{"start":{"line":67,"column":2},"end":{"line":88,"column":3}},"37":{"start":{"line":68,"column":4},"end":{"line":68,"column":70}},"38":{"start":{"line":70,"column":23},"end":{"line":70,"column":24}},"39":{"start":{"line":71,"column":15},"end":{"line":71,"column":44}},"40":{"start":{"line":72,"column":17},"end":{"line":72,"column":48}},"41":{"start":{"line":74,"column":4},"end":{"line":86,"column":5}},"42":{"start":{"line":74,"column":21},"end":{"line":74,"column":22}},"43":{"start":{"line":75,"column":6},"end":{"line":85,"column":7}},"44":{"start":{"line":76,"column":8},"end":{"line":76,"column":52}},"45":{"start":{"line":78,"column":8},"end":{"line":80,"column":9}},"46":{"start":{"line":79,"column":10},"end":{"line":79,"column":54}},"47":{"start":{"line":82,"column":8},"end":{"line":84,"column":9}},"48":{"start":{"line":83,"column":10},"end":{"line":83,"column":54}},"49":{"start":{"line":87,"column":4},"end":{"line":87,"column":24}},"50":{"start":{"line":91,"column":0},"end":{"line":97,"column":2}},"51":{"start":{"line":98,"column":12},"end":{"line":98,"column":21}},"52":{"start":{"line":99,"column":0},"end":{"line":99,"column":71}}},"fnMap":{"0":{"name":"expensesForATrip","decl":{"start":{"line":1,"column":9},"end":{"line":1,"column":25}},"loc":{"start":{"line":1,"column":42},"end":{"line":16,"column":1}},"line":1},"1":{"name":"countingAdults","decl":{"start":{"line":17,"column":9},"end":{"line":17,"column":23}},"loc":{"start":{"line":17,"column":39},"end":{"line":33,"column":1}},"line":17},"2":{"name":"(anonymous_2)","decl":{"start":{"line":28,"column":26},"end":{"line":28,"column":27}},"loc":{"start":{"line":28,"column":39},"end":{"line":30,"column":5}},"line":28},"3":{"name":"countingChildren","decl":{"start":{"line":34,"column":9},"end":{"line":34,"column":25}},"loc":{"start":{"line":34,"column":41},"end":{"line":50,"column":1}},"line":34},"4":{"name":"(anonymous_4)","decl":{"start":{"line":45,"column":26},"end":{"line":45,"column":27}},"loc":{"start":{"line":45,"column":39},"end":{"line":47,"column":5}},"line":45},"5":{"name":"numberOfStops","decl":{"start":{"line":51,"column":9},"end":{"line":51,"column":22}},"loc":{"start":{"line":51,"column":52},"end":{"line":65,"column":1}},"line":51},"6":{"name":"expensesPerMeal","decl":{"start":{"line":66,"column":9},"end":{"line":66,"column":24}},"loc":{"start":{"line":66,"column":55},"end":{"line":89,"column":1}},"line":66}},"branchMap":{"0":{"loc":{"start":{"line":2,"column":2},"end":{"line":4,"column":3}},"type":"if","locations":[{"start":{"line":2,"column":2},"end":{"line":4,"column":3}},{"start":{},"end":{}}],"line":2},"1":{"loc":{"start":{"line":2,"column":6},"end":{"line":2,"column":58}},"type":"binary-expr","locations":[{"start":{"line":2,"column":6},"end":{"line":2,"column":18}},{"start":{"line":2,"column":22},"end":{"line":2,"column":58}}],"line":2},"2":{"loc":{"start":{"line":5,"column":2},"end":{"line":15,"column":3}},"type":"if","locations":[{"start":{"line":5,"column":2},"end":{"line":15,"column":3}},{"start":{"line":7,"column":9},"end":{"line":15,"column":3}}],"line":5},"3":{"loc":{"start":{"line":5,"column":6},"end":{"line":5,"column":47}},"type":"binary-expr","locations":[{"start":{"line":5,"column":6},"end":{"line":5,"column":25}},{"start":{"line":5,"column":29},"end":{"line":5,"column":47}}],"line":5},"4":{"loc":{"start":{"line":11,"column":4},"end":{"line":11,"column":44}},"type":"binary-expr","locations":[{"start":{"line":11,"column":4},"end":{"line":11,"column":23}},{"start":{"line":11,"column":28},"end":{"line":11,"column":43}}],"line":11},"5":{"loc":{"start":{"line":12,"column":4},"end":{"line":12,"column":43}},"type":"binary-expr","locations":[{"start":{"line":12,"column":4},"end":{"line":12,"column":22}},{"start":{"line":12,"column":27},"end":{"line":12,"column":42}}],"line":12},"6":{"loc":{"start":{"line":18,"column":2},"end":{"line":23,"column":3}},"type":"if","locations":[{"start":{"line":18,"column":2},"end":{"line":23,"column":3}},{"start":{},"end":{}}],"line":18},"7":{"loc":{"start":{"line":24,"column":2},"end":{"line":32,"column":3}},"type":"if","locations":[{"start":{"line":24,"column":2},"end":{"line":32,"column":3}},{"start":{"line":26,"column":9},"end":{"line":32,"column":3}}],"line":24},"8":{"loc":{"start":{"line":24,"column":6},"end":{"line":24,"column":71}},"type":"binary-expr","locations":[{"start":{"line":24,"column":6},"end":{"line":24,"column":34}},{"start":{"line":24,"column":38},"end":{"line":24,"column":71}}],"line":24},"9":{"loc":{"start":{"line":29,"column":6},"end":{"line":29,"column":43}},"type":"binary-expr","locations":[{"start":{"line":29,"column":6},"end":{"line":29,"column":25}},{"start":{"line":29,"column":29},"end":{"line":29,"column":43}}],"line":29},"10":{"loc":{"start":{"line":35,"column":2},"end":{"line":40,"column":3}},"type":"if","locations":[{"start":{"line":35,"column":2},"end":{"line":40,"column":3}},{"start":{},"end":{}}],"line":35},"11":{"loc":{"start":{"line":41,"column":2},"end":{"line":49,"column":3}},"type":"if","locations":[{"start":{"line":41,"column":2},"end":{"line":49,"column":3}},{"start":{"line":43,"column":9},"end":{"line":49,"column":3}}],"line":41},"12":{"loc":{"start":{"line":41,"column":6},"end":{"line":41,"column":71}},"type":"binary-expr","locations":[{"start":{"line":41,"column":6},"end":{"line":41,"column":34}},{"start":{"line":41,"column":38},"end":{"line":41,"column":71}}],"line":41},"13":{"loc":{"start":{"line":46,"column":6},"end":{"line":46,"column":49}},"type":"binary-expr","locations":[{"start":{"line":46,"column":6},"end":{"line":46,"column":28}},{"start":{"line":46,"column":32},"end":{"line":46,"column":49}}],"line":46},"14":{"loc":{"start":{"line":52,"column":2},"end":{"line":64,"column":3}},"type":"if","locations":[{"start":{"line":52,"column":2},"end":{"line":64,"column":3}},{"start":{"line":62,"column":9},"end":{"line":64,"column":3}}],"line":52},"15":{"loc":{"start":{"line":52,"column":6},"end":{"line":52,"column":66}},"type":"binary-expr","locations":[{"start":{"line":52,"column":6},"end":{"line":52,"column":46}},{"start":{"line":52,"column":50},"end":{"line":52,"column":66}}],"line":52},"16":{"loc":{"start":{"line":57,"column":4},"end":{"line":57,"column":34}},"type":"binary-expr","locations":[{"start":{"line":57,"column":4},"end":{"line":57,"column":18}},{"start":{"line":57,"column":23},"end":{"line":57,"column":33}}],"line":57},"17":{"loc":{"start":{"line":58,"column":4},"end":{"line":58,"column":32}},"type":"binary-expr","locations":[{"start":{"line":58,"column":4},"end":{"line":58,"column":16}},{"start":{"line":58,"column":21},"end":{"line":58,"column":31}}],"line":58},"18":{"loc":{"start":{"line":59,"column":4},"end":{"line":59,"column":37}},"type":"binary-expr","locations":[{"start":{"line":59,"column":4},"end":{"line":59,"column":21}},{"start":{"line":59,"column":26},"end":{"line":59,"column":36}}],"line":59},"19":{"loc":{"start":{"line":67,"column":2},"end":{"line":88,"column":3}},"type":"if","locations":[{"start":{"line":67,"column":2},"end":{"line":88,"column":3}},{"start":{"line":69,"column":9},"end":{"line":88,"column":3}}],"line":67},"20":{"loc":{"start":{"line":67,"column":6},"end":{"line":67,"column":68}},"type":"binary-expr","locations":[{"start":{"line":67,"column":6},"end":{"line":67,"column":23}},{"start":{"line":67,"column":27},"end":{"line":67,"column":68}}],"line":67},"21":{"loc":{"start":{"line":75,"column":6},"end":{"line":85,"column":7}},"type":"if","locations":[{"start":{"line":75,"column":6},"end":{"line":85,"column":7}},{"start":{"line":77,"column":13},"end":{"line":85,"column":7}}],"line":75},"22":{"loc":{"start":{"line":78,"column":8},"end":{"line":80,"column":9}},"type":"if","locations":[{"start":{"line":78,"column":8},"end":{"line":80,"column":9}},{"start":{},"end":{}}],"line":78},"23":{"loc":{"start":{"line":78,"column":12},"end":{"line":78,"column":40}},"type":"binary-expr","locations":[{"start":{"line":78,"column":12},"end":{"line":78,"column":27}},{"start":{"line":78,"column":31},"end":{"line":78,"column":40}}],"line":78},"24":{"loc":{"start":{"line":82,"column":8},"end":{"line":84,"column":9}},"type":"if","locations":[{"start":{"line":82,"column":8},"end":{"line":84,"column":9}},{"start":{},"end":{}}],"line":82}},"s":{"0":1,"1":0,"2":1,"3":0,"4":1,"5":1,"6":1,"7":1,"8":1,"9":6,"10":0,"11":0,"12":6,"13":0,"14":6,"15":6,"16":7,"17":6,"18":6,"19":4,"20":4,"21":2,"22":0,"23":2,"24":2,"25":3,"26":2,"27":3,"28":3,"29":3,"30":3,"31":3,"32":3,"33":3,"34":3,"35":0,"36":2,"37":0,"38":2,"39":2,"40":2,"41":2,"42":2,"43":8,"44":2,"45":6,"46":2,"47":6,"48":4,"49":2,"50":1,"51":1,"52":1},"f":{"0":1,"1":6,"2":7,"3":6,"4":3,"5":3,"6":2},"b":{"0":[0,1],"1":[1,1],"2":[0,1],"3":[1,0],"4":[1,1],"5":[1,0],"6":[0,6],"7":[0,6],"8":[6,6],"9":[7,6],"10":[4,2],"11":[0,2],"12":[2,2],"13":[3,2],"14":[3,0],"15":[3,0],"16":[3,2],"17":[3,1],"18":[3,0],"19":[0,2],"20":[2,0],"21":[2,6],"22":[2,4],"23":[6,2],"24":[4,2]},"_coverageSchema":"1a1c01bbd47fc00a2c39e90264f33305004495a9","hash":"ef429d649ae6468b9d121fe2c7088fbeb95724cb"}
}
