TN:
SF:2.1\scripts\functions.js
FN:1,expensesForATrip
FN:17,countingAdults
FN:28,(anonymous_2)
FN:34,countingChildren
FN:45,(anonymous_4)
FN:51,numberOfStops
FN:66,expensesPerMeal
FNF:7
FNH:7
FNDA:1,expensesForATrip
FNDA:6,countingAdults
FNDA:7,(anonymous_2)
FNDA:6,countingChildren
FNDA:3,(anonymous_4)
FNDA:3,numberOfStops
FNDA:2,expensesPerMeal
DA:2,1
DA:3,0
DA:5,1
DA:6,0
DA:8,1
DA:9,1
DA:11,1
DA:12,1
DA:14,1
DA:18,6
DA:19,0
DA:22,0
DA:24,6
DA:25,0
DA:27,6
DA:28,6
DA:29,7
DA:31,6
DA:35,6
DA:36,4
DA:39,4
DA:41,2
DA:42,0
DA:44,2
DA:45,2
DA:46,3
DA:48,2
DA:52,3
DA:53,3
DA:54,3
DA:55,3
DA:57,3
DA:58,3
DA:59,3
DA:61,3
DA:63,0
DA:67,2
DA:68,0
DA:70,2
DA:71,2
DA:72,2
DA:74,2
DA:75,8
DA:76,2
DA:78,6
DA:79,2
DA:82,6
DA:83,4
DA:87,2
DA:91,1
DA:98,1
DA:99,1
LF:52
LH:44
BRDA:2,0,0,0
BRDA:2,0,1,1
BRDA:2,1,0,1
BRDA:2,1,1,1
BRDA:5,2,0,0
BRDA:5,2,1,1
BRDA:5,3,0,1
BRDA:5,3,1,0
BRDA:11,4,0,1
BRDA:11,4,1,1
BRDA:12,5,0,1
BRDA:12,5,1,0
BRDA:18,6,0,0
BRDA:18,6,1,6
BRDA:24,7,0,0
BRDA:24,7,1,6
BRDA:24,8,0,6
BRDA:24,8,1,6
BRDA:29,9,0,7
BRDA:29,9,1,6
BRDA:35,10,0,4
BRDA:35,10,1,2
BRDA:41,11,0,0
BRDA:41,11,1,2
BRDA:41,12,0,2
BRDA:41,12,1,2
BRDA:46,13,0,3
BRDA:46,13,1,2
BRDA:52,14,0,3
BRDA:52,14,1,0
BRDA:52,15,0,3
BRDA:52,15,1,0
BRDA:57,16,0,3
BRDA:57,16,1,2
BRDA:58,17,0,3
BRDA:58,17,1,1
BRDA:59,18,0,3
BRDA:59,18,1,0
BRDA:67,19,0,0
BRDA:67,19,1,2
BRDA:67,20,0,2
BRDA:67,20,1,0
BRDA:75,21,0,2
BRDA:75,21,1,6
BRDA:78,22,0,2
BRDA:78,22,1,4
BRDA:78,23,0,6
BRDA:78,23,1,2
BRDA:82,24,0,4
BRDA:82,24,1,2
BRF:50
BRH:38
end_of_record
